<?xml version="1.0" encoding="UTF-8"?>
<testng-results total="1" passed="1" failed="0" skipped="0">
  <reporter-output>
  </reporter-output>
  <suite started-at="2023-08-27T05:15:34Z" name="Default suite" finished-at="2023-08-27T05:15:36Z" duration-ms="2686">
    <groups>
    </groups>
    <test started-at="2023-08-27T05:15:34Z" name="Default test" finished-at="2023-08-27T05:15:36Z" duration-ms="2686">
      <class name="Tests.TestOnFB">
        <test-method is-config="true" signature="openBrowserAndLaunchURL()[pri:0, instance:Tests.TestOnFB@7d0614f]" started-at="2023-08-27T10:45:34Z" name="openBrowserAndLaunchURL" finished-at="2023-08-27T10:45:36Z" duration-ms="2168" status="PASS">
          <reporter-output>
          </reporter-output>
        </test-method> <!-- openBrowserAndLaunchURL -->
        <test-method signature="checkForgottenPasswordLink()[pri:0, instance:Tests.TestOnFB@7d0614f]" started-at="2023-08-27T10:45:36Z" name="checkForgottenPasswordLink" finished-at="2023-08-27T10:45:36Z" duration-ms="485" status="PASS">
          <reporter-output>
          </reporter-output>
        </test-method> <!-- checkForgottenPasswordLink -->
      </class> <!-- Tests.TestOnFB -->
    </test> <!-- Default test -->
  </suite> <!-- Default suite -->
</testng-results>
